[1202/152254.734:ERROR:media_internals.cc(112)] Cannot get RenderProcessHost
[1203/203217.213:ERROR:gl_surface_egl.cc(537)] EGL Driver message (Error) eglQueryDeviceAttribEXT: Bad attribute.
[1205/143458.881:ERROR:gl_surface_egl.cc(537)] EGL Driver message (Error) eglQueryDeviceAttribEXT: Bad attribute.
[1205/143819.802:INFO:CONSOLE(1)] "Long rAF frame-time", source: file:///C:/Program%20Files/Adobe/Adobe%20Photoshop%202020/Required/www-rich-tooltips/build/external.js (1)
[1207/111951.095:WARNING:dns_config_service_win.cc(668)] Failed to read DnsConfig.
[1207/111956.126:WARNING:dns_config_service_win.cc(668)] Failed to read DnsConfig.
[1207/112001.139:WARNING:dns_config_service_win.cc(668)] Failed to read DnsConfig.
[1207/112006.148:WARNING:dns_config_service_win.cc(668)] Failed to read DnsConfig.
[1207/112011.165:WARNING:dns_config_service_win.cc(668)] Failed to read DnsConfig.
[1207/112016.180:WARNING:dns_config_service_win.cc(668)] Failed to read DnsConfig.
[1207/112021.191:WARNING:dns_config_service_win.cc(668)] Failed to read DnsConfig.
[1207/112026.206:WARNING:dns_config_service_win.cc(668)] Failed to read DnsConfig.
[1207/112031.232:WARNING:dns_config_service_win.cc(668)] Failed to read DnsConfig.
[1207/112036.252:WARNING:dns_config_service_win.cc(668)] Failed to read DnsConfig.
[1207/112041.266:WARNING:dns_config_service_win.cc(668)] Failed to read DnsConfig.
[1207/112046.272:WARNING:dns_config_service_win.cc(668)] Failed to read DnsConfig.
[1207/112051.293:WARNING:dns_config_service_win.cc(668)] Failed to read DnsConfig.
[1207/112056.304:WARNING:dns_config_service_win.cc(668)] Failed to read DnsConfig.
[1207/112101.321:WARNING:dns_config_service_win.cc(668)] Failed to read DnsConfig.
[1207/112106.341:WARNING:dns_config_service_win.cc(668)] Failed to read DnsConfig.
[1207/112111.362:WARNING:dns_config_service_win.cc(668)] Failed to read DnsConfig.
[1207/112116.376:WARNING:dns_config_service_win.cc(668)] Failed to read DnsConfig.
[1207/112121.392:WARNING:dns_config_service_win.cc(668)] Failed to read DnsConfig.
[1207/112126.406:WARNING:dns_config_service_win.cc(668)] Failed to read DnsConfig.
[1207/112131.420:WARNING:dns_config_service_win.cc(668)] Failed to read DnsConfig.
[1207/112136.435:WARNING:dns_config_service_win.cc(668)] Failed to read DnsConfig.
[1207/112141.455:WARNING:dns_config_service_win.cc(668)] Failed to read DnsConfig.
[1207/112146.463:WARNING:dns_config_service_win.cc(668)] Failed to read DnsConfig.
[1207/112151.479:WARNING:dns_config_service_win.cc(668)] Failed to read DnsConfig.
[1207/112156.487:WARNING:dns_config_service_win.cc(668)] Failed to read DnsConfig.
[1207/112201.503:WARNING:dns_config_service_win.cc(668)] Failed to read DnsConfig.
[1207/112206.511:WARNING:dns_config_service_win.cc(668)] Failed to read DnsConfig.
[1207/112211.527:WARNING:dns_config_service_win.cc(668)] Failed to read DnsConfig.
[1207/112216.544:WARNING:dns_config_service_win.cc(668)] Failed to read DnsConfig.
[1207/112221.559:WARNING:dns_config_service_win.cc(668)] Failed to read DnsConfig.
[1207/112226.569:WARNING:dns_config_service_win.cc(668)] Failed to read DnsConfig.
[1207/112231.585:WARNING:dns_config_service_win.cc(668)] Failed to read DnsConfig.
[1207/112236.595:WARNING:dns_config_service_win.cc(668)] Failed to read DnsConfig.
[1207/112241.607:WARNING:dns_config_service_win.cc(668)] Failed to read DnsConfig.
[1207/112246.615:WARNING:dns_config_service_win.cc(668)] Failed to read DnsConfig.
[1207/112251.631:WARNING:dns_config_service_win.cc(668)] Failed to read DnsConfig.
[1207/112256.641:WARNING:dns_config_service_win.cc(668)] Failed to read DnsConfig.
[1207/112301.657:WARNING:dns_config_service_win.cc(668)] Failed to read DnsConfig.
[1207/112306.665:WARNING:dns_config_service_win.cc(668)] Failed to read DnsConfig.
[1207/112311.688:WARNING:dns_config_service_win.cc(668)] Failed to read DnsConfig.
[1207/112316.696:WARNING:dns_config_service_win.cc(668)] Failed to read DnsConfig.
[1207/112321.712:WARNING:dns_config_service_win.cc(668)] Failed to read DnsConfig.
[1207/112326.726:WARNING:dns_config_service_win.cc(668)] Failed to read DnsConfig.
[1207/112331.742:WARNING:dns_config_service_win.cc(668)] Failed to read DnsConfig.
[1207/112336.769:WARNING:dns_config_service_win.cc(668)] Failed to read DnsConfig.
[1207/112341.781:WARNING:dns_config_service_win.cc(668)] Failed to read DnsConfig.
[1207/112346.797:WARNING:dns_config_service_win.cc(668)] Failed to read DnsConfig.
[1207/112351.807:WARNING:dns_config_service_win.cc(668)] Failed to read DnsConfig.
[1207/112356.823:WARNING:dns_config_service_win.cc(668)] Failed to read DnsConfig.
[1207/112401.834:WARNING:dns_config_service_win.cc(668)] Failed to read DnsConfig.
[1207/112406.849:WARNING:dns_config_service_win.cc(668)] Failed to read DnsConfig.
[1207/112411.867:WARNING:dns_config_service_win.cc(668)] Failed to read DnsConfig.
[1207/112416.883:WARNING:dns_config_service_win.cc(668)] Failed to read DnsConfig.
[1207/112421.891:WARNING:dns_config_service_win.cc(668)] Failed to read DnsConfig.
[1207/112426.907:WARNING:dns_config_service_win.cc(668)] Failed to read DnsConfig.
[1207/112431.915:WARNING:dns_config_service_win.cc(668)] Failed to read DnsConfig.
[1207/112436.922:WARNING:dns_config_service_win.cc(668)] Failed to read DnsConfig.
[1207/112441.933:WARNING:dns_config_service_win.cc(668)] Failed to read DnsConfig.
[1207/112446.948:WARNING:dns_config_service_win.cc(668)] Failed to read DnsConfig.
[1207/112451.959:WARNING:dns_config_service_win.cc(668)] Failed to read DnsConfig.
[1207/112456.974:WARNING:dns_config_service_win.cc(668)] Failed to read DnsConfig.
[1207/112501.996:WARNING:dns_config_service_win.cc(668)] Failed to read DnsConfig.
[1207/112507.011:WARNING:dns_config_service_win.cc(668)] Failed to read DnsConfig.
[1207/112512.019:WARNING:dns_config_service_win.cc(668)] Failed to read DnsConfig.
[1207/112517.035:WARNING:dns_config_service_win.cc(668)] Failed to read DnsConfig.
[1207/112522.043:WARNING:dns_config_service_win.cc(668)] Failed to read DnsConfig.
[1207/112527.048:WARNING:dns_config_service_win.cc(668)] Failed to read DnsConfig.
[1207/112532.057:WARNING:dns_config_service_win.cc(668)] Failed to read DnsConfig.
[1207/112537.072:WARNING:dns_config_service_win.cc(668)] Failed to read DnsConfig.
[1207/112542.081:WARNING:dns_config_service_win.cc(668)] Failed to read DnsConfig.
[1207/112547.097:WARNING:dns_config_service_win.cc(668)] Failed to read DnsConfig.
[1207/112552.110:WARNING:dns_config_service_win.cc(668)] Failed to read DnsConfig.
[1207/112557.125:WARNING:dns_config_service_win.cc(668)] Failed to read DnsConfig.
[1207/112602.134:WARNING:dns_config_service_win.cc(668)] Failed to read DnsConfig.
[1207/112607.145:WARNING:dns_config_service_win.cc(668)] Failed to read DnsConfig.
[1207/112612.167:WARNING:dns_config_service_win.cc(668)] Failed to read DnsConfig.
[1207/112617.178:WARNING:dns_config_service_win.cc(668)] Failed to read DnsConfig.
[1207/112622.193:WARNING:dns_config_service_win.cc(668)] Failed to read DnsConfig.
[1207/112627.209:WARNING:dns_config_service_win.cc(668)] Failed to read DnsConfig.
[1207/112632.237:WARNING:dns_config_service_win.cc(668)] Failed to read DnsConfig.
[1207/112637.250:WARNING:dns_config_service_win.cc(668)] Failed to read DnsConfig.
[1207/112642.263:WARNING:dns_config_service_win.cc(668)] Failed to read DnsConfig.
[1207/112647.270:WARNING:dns_config_service_win.cc(668)] Failed to read DnsConfig.
[1207/112652.286:WARNING:dns_config_service_win.cc(668)] Failed to read DnsConfig.
[1207/112657.298:WARNING:dns_config_service_win.cc(668)] Failed to read DnsConfig.
[1207/112702.319:WARNING:dns_config_service_win.cc(668)] Failed to read DnsConfig.
[1207/112707.343:WARNING:dns_config_service_win.cc(668)] Failed to read DnsConfig.
[1207/112712.359:WARNING:dns_config_service_win.cc(668)] Failed to read DnsConfig.
[1207/112717.368:WARNING:dns_config_service_win.cc(668)] Failed to read DnsConfig.
[1207/112722.372:WARNING:dns_config_service_win.cc(668)] Failed to read DnsConfig.
[1207/112727.380:WARNING:dns_config_service_win.cc(668)] Failed to read DnsConfig.
[1207/112732.396:WARNING:dns_config_service_win.cc(668)] Failed to read DnsConfig.
[1207/112737.408:WARNING:dns_config_service_win.cc(668)] Failed to read DnsConfig.
[1207/112742.424:WARNING:dns_config_service_win.cc(668)] Failed to read DnsConfig.
[1207/112747.439:WARNING:dns_config_service_win.cc(668)] Failed to read DnsConfig.
[1207/112752.448:WARNING:dns_config_service_win.cc(668)] Failed to read DnsConfig.
[1207/112757.464:WARNING:dns_config_service_win.cc(668)] Failed to read DnsConfig.
[1207/112802.479:WARNING:dns_config_service_win.cc(668)] Failed to read DnsConfig.
[1207/112807.488:WARNING:dns_config_service_win.cc(668)] Failed to read DnsConfig.
[1207/112812.504:WARNING:dns_config_service_win.cc(668)] Failed to read DnsConfig.
[1207/114546.366:WARNING:dns_config_service_win.cc(668)] Failed to read DnsConfig.
[1207/114551.388:WARNING:dns_config_service_win.cc(668)] Failed to read DnsConfig.
[1207/114556.409:WARNING:dns_config_service_win.cc(668)] Failed to read DnsConfig.
[1207/114601.417:WARNING:dns_config_service_win.cc(668)] Failed to read DnsConfig.
[1207/114606.441:WARNING:dns_config_service_win.cc(668)] Failed to read DnsConfig.
[1207/115049.431:WARNING:dns_config_service_win.cc(668)] Failed to read DnsConfig.
[1207/115049.626:ERROR:gl_surface_egl.cc(537)] EGL Driver message (Error) eglQueryDeviceAttribEXT: Bad attribute.
[1207/115054.003:INFO:CONSOLE(1)] "Long rAF frame-time", source: file:///C:/Program%20Files/Adobe/Adobe%20Photoshop%202020/Required/www-learn/build/external.js (1)
[1207/115054.452:WARNING:dns_config_service_win.cc(668)] Failed to read DnsConfig.
[1207/115059.471:WARNING:dns_config_service_win.cc(668)] Failed to read DnsConfig.
[1207/115104.490:WARNING:dns_config_service_win.cc(668)] Failed to read DnsConfig.
[1207/115109.510:WARNING:dns_config_service_win.cc(668)] Failed to read DnsConfig.
[1207/115114.516:WARNING:dns_config_service_win.cc(668)] Failed to read DnsConfig.
[1207/115119.523:WARNING:dns_config_service_win.cc(668)] Failed to read DnsConfig.
[1207/115124.542:WARNING:dns_config_service_win.cc(668)] Failed to read DnsConfig.
[1207/115129.564:WARNING:dns_config_service_win.cc(668)] Failed to read DnsConfig.
[1207/115134.586:WARNING:dns_config_service_win.cc(668)] Failed to read DnsConfig.
[1207/115139.606:WARNING:dns_config_service_win.cc(668)] Failed to read DnsConfig.
[1207/115144.626:WARNING:dns_config_service_win.cc(668)] Failed to read DnsConfig.
[1207/115149.645:WARNING:dns_config_service_win.cc(668)] Failed to read DnsConfig.
[1207/115154.666:WARNING:dns_config_service_win.cc(668)] Failed to read DnsConfig.
[1207/115159.684:WARNING:dns_config_service_win.cc(668)] Failed to read DnsConfig.
[1207/115204.692:WARNING:dns_config_service_win.cc(668)] Failed to read DnsConfig.
[1207/115209.712:WARNING:dns_config_service_win.cc(668)] Failed to read DnsConfig.
[1207/115214.732:WARNING:dns_config_service_win.cc(668)] Failed to read DnsConfig.
[1207/115219.753:WARNING:dns_config_service_win.cc(668)] Failed to read DnsConfig.
[1207/115224.773:WARNING:dns_config_service_win.cc(668)] Failed to read DnsConfig.
[1207/115229.780:WARNING:dns_config_service_win.cc(668)] Failed to read DnsConfig.
[1207/115234.802:WARNING:dns_config_service_win.cc(668)] Failed to read DnsConfig.
[1207/115239.820:WARNING:dns_config_service_win.cc(668)] Failed to read DnsConfig.
[1207/115244.838:WARNING:dns_config_service_win.cc(668)] Failed to read DnsConfig.
[1207/115249.855:WARNING:dns_config_service_win.cc(668)] Failed to read DnsConfig.
[1207/115254.875:WARNING:dns_config_service_win.cc(668)] Failed to read DnsConfig.
[1207/115259.890:WARNING:dns_config_service_win.cc(668)] Failed to read DnsConfig.
[1207/115304.905:WARNING:dns_config_service_win.cc(668)] Failed to read DnsConfig.
[1207/115309.924:WARNING:dns_config_service_win.cc(668)] Failed to read DnsConfig.
[1207/115314.942:WARNING:dns_config_service_win.cc(668)] Failed to read DnsConfig.
[1207/115319.960:WARNING:dns_config_service_win.cc(668)] Failed to read DnsConfig.
[1207/115324.967:WARNING:dns_config_service_win.cc(668)] Failed to read DnsConfig.
[1207/115329.989:WARNING:dns_config_service_win.cc(668)] Failed to read DnsConfig.
[1207/212457.305:ERROR:media_internals.cc(112)] Cannot get RenderProcessHost
[0131/121147.955:WARNING:dns_config_service_win.cc(668)] Failed to read DnsConfig.
[0131/121153.002:WARNING:dns_config_service_win.cc(668)] Failed to read DnsConfig.
[0131/121158.011:WARNING:dns_config_service_win.cc(668)] Failed to read DnsConfig.
[0131/121203.024:WARNING:dns_config_service_win.cc(668)] Failed to read DnsConfig.
[0131/121208.038:WARNING:dns_config_service_win.cc(668)] Failed to read DnsConfig.
[0131/121213.058:WARNING:dns_config_service_win.cc(668)] Failed to read DnsConfig.
[0131/121218.066:WARNING:dns_config_service_win.cc(668)] Failed to read DnsConfig.
[0131/121223.084:WARNING:dns_config_service_win.cc(668)] Failed to read DnsConfig.
[0131/121228.095:WARNING:dns_config_service_win.cc(668)] Failed to read DnsConfig.
[0131/121233.110:WARNING:dns_config_service_win.cc(668)] Failed to read DnsConfig.
[0131/121238.119:WARNING:dns_config_service_win.cc(668)] Failed to read DnsConfig.
[0131/121243.134:WARNING:dns_config_service_win.cc(668)] Failed to read DnsConfig.
[0131/121248.143:WARNING:dns_config_service_win.cc(668)] Failed to read DnsConfig.
[0131/121253.158:WARNING:dns_config_service_win.cc(668)] Failed to read DnsConfig.
[0131/121258.167:WARNING:dns_config_service_win.cc(668)] Failed to read DnsConfig.
[0131/121303.182:WARNING:dns_config_service_win.cc(668)] Failed to read DnsConfig.
[0131/121308.193:WARNING:dns_config_service_win.cc(668)] Failed to read DnsConfig.
